[      84ms] [ERROR] Failed to load resource: the server responded with a status of 404 (Not Found) @ http://localhost:8502/Bang_Xep_Hang/_stcore/host-config:0
[      84ms] [ERROR] Failed to load resource: the server responded with a status of 404 (Not Found) @ http://localhost:8502/Bang_Xep_Hang/_stcore/health:0
[   64174ms] [WARNING] WebSocket onclose @ http://localhost:8502/static/js/index.dkY5s53S.js:183
[   64206ms] [ERROR] Failed to load resource: net::ERR_CONNECTION_REFUSED @ http://localhost:8502/Bang_Xep_Hang/_stcore/health:0
[   64206ms] [ERROR] Failed to load resource: net::ERR_CONNECTION_REFUSED @ http://localhost:8502/Bang_Xep_Hang/_stcore/host-config:0
[   64308ms] [ERROR] Failed to load resource: net::ERR_CONNECTION_REFUSED @ http://localhost:8502/_stcore/health:0
[   64308ms] [ERROR] Failed to load resource: net::ERR_CONNECTION_REFUSED @ http://localhost:8502/_stcore/host-config:0
[   64410ms] [ERROR] Failed to load resource: net::ERR_CONNECTION_REFUSED @ http://localhost:8502/Bang_Xep_Hang/_stcore/health:0
[   64410ms] [ERROR] Failed to load resource: net::ERR_CONNECTION_REFUSED @ http://localhost:8502/Bang_Xep_Hang/_stcore/host-config:0
[   64589ms] [ERROR] Failed to load resource: net::ERR_CONNECTION_REFUSED @ http://localhost:8502/_stcore/health:0
[   64589ms] [ERROR] Failed to load resource: net::ERR_CONNECTION_REFUSED @ http://localhost:8502/_stcore/host-config:0
[   64816ms] [ERROR] Failed to load resource: net::ERR_CONNECTION_REFUSED @ http://localhost:8502/Bang_Xep_Hang/_stcore/health:0
[   64816ms] [ERROR] Failed to load resource: net::ERR_CONNECTION_REFUSED @ http://localhost:8502/Bang_Xep_Hang/_stcore/host-config:0
[   65162ms] [ERROR] Failed to load resource: net::ERR_CONNECTION_REFUSED @ http://localhost:8502/_stcore/health:0
[   65162ms] [ERROR] Failed to load resource: net::ERR_CONNECTION_REFUSED @ http://localhost:8502/_stcore/host-config:0
[   65541ms] [ERROR] Failed to load resource: net::ERR_CONNECTION_REFUSED @ http://localhost:8502/Bang_Xep_Hang/_stcore/health:0
[   65541ms] [ERROR] Failed to load resource: net::ERR_CONNECTION_REFUSED @ http://localhost:8502/Bang_Xep_Hang/_stcore/host-config:0
[   66183ms] [ERROR] Failed to load resource: net::ERR_CONNECTION_REFUSED @ http://localhost:8502/_stcore/health:0
[   66183ms] [ERROR] Failed to load resource: net::ERR_CONNECTION_REFUSED @ http://localhost:8502/_stcore/host-config:0
[   67010ms] [ERROR] Failed to load resource: net::ERR_CONNECTION_REFUSED @ http://localhost:8502/Bang_Xep_Hang/_stcore/health:0
[   67011ms] [ERROR] Failed to load resource: net::ERR_CONNECTION_REFUSED @ http://localhost:8502/Bang_Xep_Hang/_stcore/host-config:0
[   68528ms] [ERROR] Failed to load resource: net::ERR_CONNECTION_REFUSED @ http://localhost:8502/_stcore/health:0
[   68528ms] [ERROR] Failed to load resource: net::ERR_CONNECTION_REFUSED @ http://localhost:8502/_stcore/host-config:0
[   69844ms] [ERROR] Failed to load resource: net::ERR_CONNECTION_REFUSED @ http://localhost:8502/Bang_Xep_Hang/_stcore/health:0
[   69845ms] [ERROR] Client Error in reaching server endpoint - No response received when attempting to reach /Bang_Xep_Hang/_stcore/health @ http://localhost:8502/static/js/index.dkY5s53S.js:182
[   69845ms] [ERROR] Is Streamlit still running? If you accidentally stopped Streamlit, just restart it in your terminal: @ http://localhost:8502/static/js/index.dkY5s53S.js:187
[   69845ms] [ERROR] Failed to load resource: net::ERR_CONNECTION_REFUSED @ http://localhost:8502/Bang_Xep_Hang/_stcore/host-config:0
[   71852ms] [ERROR] Failed to load resource: net::ERR_CONNECTION_REFUSED @ http://localhost:8502/_stcore/health:0
[   71853ms] [ERROR] Client Error in reaching server endpoint - No response received when attempting to reach /_stcore/health @ http://localhost:8502/static/js/index.dkY5s53S.js:182
[   71853ms] [ERROR] Is Streamlit still running? If you accidentally stopped Streamlit, just restart it in your terminal: @ http://localhost:8502/static/js/index.dkY5s53S.js:187
[   71868ms] [ERROR] Failed to load resource: net::ERR_CONNECTION_REFUSED @ http://localhost:8502/_stcore/host-config:0
[   73856ms] [ERROR] Failed to load resource: net::ERR_CONNECTION_REFUSED @ http://localhost:8502/Bang_Xep_Hang/_stcore/health:0
[   73856ms] [ERROR] Client Error in reaching server endpoint - No response received when attempting to reach /Bang_Xep_Hang/_stcore/health @ http://localhost:8502/static/js/index.dkY5s53S.js:182
[   73856ms] [ERROR] Is Streamlit still running? If you accidentally stopped Streamlit, just restart it in your terminal: @ http://localhost:8502/static/js/index.dkY5s53S.js:187
[   73857ms] [ERROR] Failed to load resource: net::ERR_CONNECTION_REFUSED @ http://localhost:8502/Bang_Xep_Hang/_stcore/host-config:0
[  210476ms] [VERBOSE] [DOM] Password field is not contained in a form: (More info: https://goo.gl/9p2vKq) %o @ http://localhost:8502/Du_Doan:0
[  216721ms] [VERBOSE] [DOM] Password field is not contained in a form: (More info: https://goo.gl/9p2vKq) %o @ http://localhost:8502/Du_Doan?user_id=U01:0
[  216721ms] [VERBOSE] [DOM] Password field is not contained in a form: (More info: https://goo.gl/9p2vKq) %o @ http://localhost:8502/Du_Doan?user_id=U01:0
[  216721ms] [VERBOSE] [DOM] Password field is not contained in a form: (More info: https://goo.gl/9p2vKq) %o @ http://localhost:8502/Du_Doan?user_id=U01:0
[ 2198964ms] [ERROR] Failed to load resource: the server responded with a status of 404 (Not Found) @ http://localhost:8502/Du_Doan/_stcore/health:0
[ 2198965ms] [ERROR] Failed to load resource: the server responded with a status of 404 (Not Found) @ http://localhost:8502/Du_Doan/_stcore/host-config:0
